<?xml version="1.0" encoding="UTF-8"?>
<testng-results skipped="0" failed="0" total="1" passed="1">
  <reporter-output>
  </reporter-output>
  <suite name="Practice.Test2" duration-ms="15" started-at="2018-07-25T12:53:06Z" finished-at="2018-07-25T12:53:06Z">
    <groups>
    </groups>
    <test name="Command line test" duration-ms="15" started-at="2018-07-25T12:53:06Z" finished-at="2018-07-25T12:53:06Z">
      <class name="Practice.Test2">
        <test-method status="PASS" signature="print()[pri:0, instance:Practice.Test2@7e0ea639]" name="print" duration-ms="7" started-at="2018-07-25T18:23:06Z" finished-at="2018-07-25T18:23:06Z">
          <reporter-output>
          </reporter-output>
        </test-method> <!-- print -->
      </class> <!-- Practice.Test2 -->
    </test> <!-- Command line test -->
  </suite> <!-- Practice.Test2 -->
</testng-results>
