<?xml version="1.0" encoding="UTF-8"?>
<testng-results skipped="0" failed="0" total="1" passed="1">
  <reporter-output>
  </reporter-output>
  <suite name="Default suite" duration-ms="54" started-at="2018-08-02T04:20:07Z" finished-at="2018-08-02T04:20:07Z">
    <groups>
    </groups>
    <test name="Default test" duration-ms="54" started-at="2018-08-02T04:20:07Z" finished-at="2018-08-02T04:20:07Z">
      <class name="ComparatorTest.ComparatorDemo">
        <test-method status="PASS" signature="test()[pri:0, instance:ComparatorTest.ComparatorDemo@50c87b21]" name="test" duration-ms="42" started-at="2018-08-02T09:50:07Z" finished-at="2018-08-02T09:50:07Z">
          <reporter-output>
          </reporter-output>
        </test-method> <!-- test -->
      </class> <!-- ComparatorTest.ComparatorDemo -->
    </test> <!-- Default test -->
  </suite> <!-- Default suite -->
</testng-results>
